This is pdfTeX, Version 3.1415926-1.40.11 (MiKTeX 2.9) (preloaded format=pdflatex 2011.3.14)  17 APR 2014 11:52
entering extended mode
**report.tex
(C:\Users\Haris\Documents\GitHub\wcet_1\report\report.tex
LaTeX2e <2009/09/24>
Babel <v3.8l> and hyphenation patterns for english, afrikaans, ancientgreek, ar
abic, armenian, assamese, basque, bengali, bokmal, bulgarian, catalan, coptic, 
croatian, czech, danish, dutch, esperanto, estonian, farsi, finnish, french, ga
lician, german, german-x-2009-06-19, greek, gujarati, hindi, hungarian, iceland
ic, indonesian, interlingua, irish, italian, kannada, kurmanji, lao, latin, lat
vian, lithuanian, malayalam, marathi, mongolian, mongolianlmc, monogreek, ngerm
an, ngerman-x-2009-06-19, nynorsk, oriya, panjabi, pinyin, polish, portuguese, 
romanian, russian, sanskrit, serbian, slovak, slovenian, spanish, swedish, swis
sgerman, tamil, telugu, turkish, turkmen, ukenglish, ukrainian, uppersorbian, u
senglishmax, welsh, loaded.
("C:\Program Files (x86)\MiKTeX 2.9\tex\latex\base\article.cls"
Document Class: article 2007/10/19 v1.4h Standard LaTeX document class
("C:\Program Files (x86)\MiKTeX 2.9\tex\latex\base\size12.clo"
File: size12.clo 2007/10/19 v1.4h Standard LaTeX file (size option)
)
\c@part=\count79
\c@section=\count80
\c@subsection=\count81
\c@subsubsection=\count82
\c@paragraph=\count83
\c@subparagraph=\count84
\c@figure=\count85
\c@table=\count86
\abovecaptionskip=\skip41
\belowcaptionskip=\skip42
\bibindent=\dimen102
)
(C:\Users\Haris\Documents\GitHub\wcet_1\report\report.sty
(C:\Users\Haris\Documents\GitHub\wcet_1\report\fancyheadings.sty
\headrulewidth=\dimen103
\footrulewidth=\dimen104
\plainheadrulewidth=\dimen105
\plainfootrulewidth=\dimen106
\headwidth=\dimen107
\footruleskip=\dimen108
)
("C:\Program Files (x86)\MiKTeX 2.9\tex\latex\preprint\fullpage.sty"
Package: fullpage 1999/02/23 1.1 (PWD)
\FP@margin=\skip43
)
("C:\Program Files (x86)\MiKTeX 2.9\tex\generic\babel\babel.sty"
Package: babel 2008/07/06 v3.8l The Babel package

*************************************
* Local config file bblopts.cfg used
*
("C:\Program Files (x86)\MiKTeX 2.9\tex\latex\00miktex\bblopts.cfg"
File: bblopts.cfg 2006/07/31 v1.0 MiKTeX 'babel' configuration
)
("C:\Program Files (x86)\MiKTeX 2.9\tex\generic\babel\english.ldf"
Language: english 2005/03/30 v3.3o English support from the babel system

("C:\Program Files (x86)\MiKTeX 2.9\tex\generic\babel\babel.def"
File: babel.def 2008/07/06 v3.8l Babel common definitions
\babel@savecnt=\count87
\U@D=\dimen109
)
\l@canadian = a dialect from \language\l@american 
\l@australian = a dialect from \language\l@british 
\l@newzealand = a dialect from \language\l@british 
))
("C:\Program Files (x86)\MiKTeX 2.9\tex\latex\graphics\graphicx.sty"
Package: graphicx 1999/02/16 v1.0f Enhanced LaTeX Graphics (DPC,SPQR)

("C:\Program Files (x86)\MiKTeX 2.9\tex\latex\graphics\keyval.sty"
Package: keyval 1999/03/16 v1.13 key=value parser (DPC)
\KV@toks@=\toks14
)
("C:\Program Files (x86)\MiKTeX 2.9\tex\latex\graphics\graphics.sty"
Package: graphics 2009/02/05 v1.0o Standard LaTeX Graphics (DPC,SPQR)

("C:\Program Files (x86)\MiKTeX 2.9\tex\latex\graphics\trig.sty"
Package: trig 1999/03/16 v1.09 sin cos tan (DPC)
)
("C:\Program Files (x86)\MiKTeX 2.9\tex\latex\00miktex\graphics.cfg"
File: graphics.cfg 2007/01/18 v1.5 graphics configuration of teTeX/TeXLive
)
Package graphics Info: Driver file: pdftex.def on input line 91.

("C:\Program Files (x86)\MiKTeX 2.9\tex\latex\pdftex-def\pdftex.def"
File: pdftex.def 2011/01/28 v0.05d Graphics/color for pdfTeX
\Gread@gobject=\count88
))
\Gin@req@height=\dimen110
\Gin@req@width=\dimen111
)
("C:\Program Files (x86)\MiKTeX 2.9\tex\latex\listings\listings.sty"
\lst@mode=\count89
\lst@gtempboxa=\box26
\lst@token=\toks15
\lst@length=\count90
\lst@currlwidth=\dimen112
\lst@column=\count91
\lst@pos=\count92
\lst@lostspace=\dimen113
\lst@width=\dimen114
\lst@newlines=\count93
\lst@lineno=\count94
\lst@maxwidth=\dimen115

("C:\Program Files (x86)\MiKTeX 2.9\tex\latex\listings\lstmisc.sty"
File: lstmisc.sty 2007/02/22 1.4 (Carsten Heinz)
\c@lstnumber=\count95
\lst@skipnumbers=\count96
\lst@framebox=\box27
)
("C:\Program Files (x86)\MiKTeX 2.9\tex\latex\listings\listings.cfg"
File: listings.cfg 2007/02/22 1.4 listings configuration
))
Package: listings 2007/02/22 1.4 (Carsten Heinz)

("C:\Program Files (x86)\MiKTeX 2.9\tex\latex\base\fontenc.sty"
Package: fontenc 2005/09/27 v1.99g Standard LaTeX package

("C:\Program Files (x86)\MiKTeX 2.9\tex\latex\base\t1enc.def"
File: t1enc.def 2005/09/27 v1.99g Standard LaTeX file
LaTeX Font Info:    Redeclaring font encoding T1 on input line 43.
))
("C:\Program Files (x86)\MiKTeX 2.9\tex\latex\base\inputenc.sty"
Package: inputenc 2008/03/30 v1.1d Input encoding file
\inpenc@prehook=\toks16
\inpenc@posthook=\toks17

("C:\Program Files (x86)\MiKTeX 2.9\tex\latex\base\latin1.def"
File: latin1.def 2008/03/30 v1.1d Input encoding file
))
("C:\Program Files (x86)\MiKTeX 2.9\tex\latex\psnfss\times.sty"
Package: times 2005/04/12 PSNFSS-v9.2a (SPQR) 
)
("C:\Program Files (x86)\MiKTeX 2.9\tex\latex\graphics\epsfig.sty"
Package: epsfig 1999/02/16 v1.7a (e)psfig emulation (SPQR)
\epsfxsize=\dimen116
\epsfysize=\dimen117
)
("C:\Program Files (x86)\MiKTeX 2.9\tex\latex\listings\lstlang1.sty"
File: lstlang1.sty 2004/09/05 1.3 listings language file
)
("C:\Program Files (x86)\MiKTeX 2.9\tex\latex\listings\lstmisc.sty"
File: lstmisc.sty 2007/02/22 1.4 (Carsten Heinz)
))
("C:\Program Files (x86)\MiKTeX 2.9\tex\latex\ltxmisc\url.sty"
\Urlmuskip=\muskip10
Package: url 2006/04/12  ver 3.3  Verb mode for urls, etc.
)
("C:\Program Files (x86)\MiKTeX 2.9\tex\latex\ams\math\amsmath.sty"
Package: amsmath 2000/07/18 v2.13 AMS math features
\@mathmargin=\skip44

For additional information on amsmath, use the `?' option.
("C:\Program Files (x86)\MiKTeX 2.9\tex\latex\ams\math\amstext.sty"
Package: amstext 2000/06/29 v2.01

("C:\Program Files (x86)\MiKTeX 2.9\tex\latex\ams\math\amsgen.sty"
File: amsgen.sty 1999/11/30 v2.0
\@emptytoks=\toks18
\ex@=\dimen118
))
("C:\Program Files (x86)\MiKTeX 2.9\tex\latex\ams\math\amsbsy.sty"
Package: amsbsy 1999/11/29 v1.2d
\pmbraise@=\dimen119
)
("C:\Program Files (x86)\MiKTeX 2.9\tex\latex\ams\math\amsopn.sty"
Package: amsopn 1999/12/14 v2.01 operator names
)
\inf@bad=\count97
LaTeX Info: Redefining \frac on input line 211.
\uproot@=\count98
\leftroot@=\count99
LaTeX Info: Redefining \overline on input line 307.
\classnum@=\count100
\DOTSCASE@=\count101
LaTeX Info: Redefining \ldots on input line 379.
LaTeX Info: Redefining \dots on input line 382.
LaTeX Info: Redefining \cdots on input line 467.
\Mathstrutbox@=\box28
\strutbox@=\box29
\big@size=\dimen120
LaTeX Font Info:    Redeclaring font encoding OML on input line 567.
LaTeX Font Info:    Redeclaring font encoding OMS on input line 568.
\macc@depth=\count102
\c@MaxMatrixCols=\count103
\dotsspace@=\muskip11
\c@parentequation=\count104
\dspbrk@lvl=\count105
\tag@help=\toks19
\row@=\count106
\column@=\count107
\maxfields@=\count108
\andhelp@=\toks20
\eqnshift@=\dimen121
\alignsep@=\dimen122
\tagshift@=\dimen123
\tagwidth@=\dimen124
\totwidth@=\dimen125
\lineht@=\dimen126
\@envbody=\toks21
\multlinegap=\skip45
\multlinetaggap=\skip46
\mathdisplay@stack=\toks22
LaTeX Info: Redefining \[ on input line 2666.
LaTeX Info: Redefining \] on input line 2667.
)
("C:\Program Files (x86)\MiKTeX 2.9\tex\latex\amsfonts\amssymb.sty"
Package: amssymb 2009/06/22 v3.00

("C:\Program Files (x86)\MiKTeX 2.9\tex\latex\amsfonts\amsfonts.sty"
Package: amsfonts 2009/06/22 v3.00 Basic AMSFonts support
\symAMSa=\mathgroup4
\symAMSb=\mathgroup5
LaTeX Font Info:    Overwriting math alphabet `\mathfrak' in version `bold'
(Font)                  U/euf/m/n --> U/euf/b/n on input line 96.
))
("C:\Program Files (x86)\MiKTeX 2.9\tex\latex\base\textcomp.sty"
Package: textcomp 2005/09/27 v1.99g Standard LaTeX package
Package textcomp Info: Sub-encoding information:
(textcomp)               5 = only ISO-Adobe without \textcurrency
(textcomp)               4 = 5 + \texteuro
(textcomp)               3 = 4 + \textohm
(textcomp)               2 = 3 + \textestimated + \textcurrency
(textcomp)               1 = TS1 - \textcircled - \t
(textcomp)               0 = TS1 (full)
(textcomp)             Font families with sub-encoding setting implement
(textcomp)             only a restricted character set as indicated.
(textcomp)             Family '?' is the default used for unknown fonts.
(textcomp)             See the documentation for details.
Package textcomp Info: Setting ? sub-encoding to TS1/1 on input line 71.

("C:\Program Files (x86)\MiKTeX 2.9\tex\latex\base\ts1enc.def"
File: ts1enc.def 2001/06/05 v3.0e (jk/car/fm) Standard LaTeX file
)
LaTeX Info: Redefining \oldstylenums on input line 266.
Package textcomp Info: Setting cmr sub-encoding to TS1/0 on input line 281.
Package textcomp Info: Setting cmss sub-encoding to TS1/0 on input line 282.
Package textcomp Info: Setting cmtt sub-encoding to TS1/0 on input line 283.
Package textcomp Info: Setting cmvtt sub-encoding to TS1/0 on input line 284.
Package textcomp Info: Setting cmbr sub-encoding to TS1/0 on input line 285.
Package textcomp Info: Setting cmtl sub-encoding to TS1/0 on input line 286.
Package textcomp Info: Setting ccr sub-encoding to TS1/0 on input line 287.
Package textcomp Info: Setting ptm sub-encoding to TS1/4 on input line 288.
Package textcomp Info: Setting pcr sub-encoding to TS1/4 on input line 289.
Package textcomp Info: Setting phv sub-encoding to TS1/4 on input line 290.
Package textcomp Info: Setting ppl sub-encoding to TS1/3 on input line 291.
Package textcomp Info: Setting pag sub-encoding to TS1/4 on input line 292.
Package textcomp Info: Setting pbk sub-encoding to TS1/4 on input line 293.
Package textcomp Info: Setting pnc sub-encoding to TS1/4 on input line 294.
Package textcomp Info: Setting pzc sub-encoding to TS1/4 on input line 295.
Package textcomp Info: Setting bch sub-encoding to TS1/4 on input line 296.
Package textcomp Info: Setting put sub-encoding to TS1/5 on input line 297.
Package textcomp Info: Setting uag sub-encoding to TS1/5 on input line 298.
Package textcomp Info: Setting ugq sub-encoding to TS1/5 on input line 299.
Package textcomp Info: Setting ul8 sub-encoding to TS1/4 on input line 300.
Package textcomp Info: Setting ul9 sub-encoding to TS1/4 on input line 301.
Package textcomp Info: Setting augie sub-encoding to TS1/5 on input line 302.
Package textcomp Info: Setting dayrom sub-encoding to TS1/3 on input line 303.
Package textcomp Info: Setting dayroms sub-encoding to TS1/3 on input line 304.

Package textcomp Info: Setting pxr sub-encoding to TS1/0 on input line 305.
Package textcomp Info: Setting pxss sub-encoding to TS1/0 on input line 306.
Package textcomp Info: Setting pxtt sub-encoding to TS1/0 on input line 307.
Package textcomp Info: Setting txr sub-encoding to TS1/0 on input line 308.
Package textcomp Info: Setting txss sub-encoding to TS1/0 on input line 309.
Package textcomp Info: Setting txtt sub-encoding to TS1/0 on input line 310.
Package textcomp Info: Setting futs sub-encoding to TS1/4 on input line 311.
Package textcomp Info: Setting futx sub-encoding to TS1/4 on input line 312.
Package textcomp Info: Setting futj sub-encoding to TS1/4 on input line 313.
Package textcomp Info: Setting hlh sub-encoding to TS1/3 on input line 314.
Package textcomp Info: Setting hls sub-encoding to TS1/3 on input line 315.
Package textcomp Info: Setting hlst sub-encoding to TS1/3 on input line 316.
Package textcomp Info: Setting hlct sub-encoding to TS1/5 on input line 317.
Package textcomp Info: Setting hlx sub-encoding to TS1/5 on input line 318.
Package textcomp Info: Setting hlce sub-encoding to TS1/5 on input line 319.
Package textcomp Info: Setting hlcn sub-encoding to TS1/5 on input line 320.
Package textcomp Info: Setting hlcw sub-encoding to TS1/5 on input line 321.
Package textcomp Info: Setting hlcf sub-encoding to TS1/5 on input line 322.
Package textcomp Info: Setting pplx sub-encoding to TS1/3 on input line 323.
Package textcomp Info: Setting pplj sub-encoding to TS1/3 on input line 324.
Package textcomp Info: Setting ptmx sub-encoding to TS1/4 on input line 325.
Package textcomp Info: Setting ptmj sub-encoding to TS1/4 on input line 326.
)
("C:\Program Files (x86)\MiKTeX 2.9\tex\latex\graphics\color.sty"
Package: color 2005/11/14 v1.0j Standard LaTeX Color (DPC)

("C:\Program Files (x86)\MiKTeX 2.9\tex\latex\00miktex\color.cfg"
File: color.cfg 2007/01/18 v1.5 color configuration of teTeX/TeXLive
)
Package color Info: Driver file: pdftex.def on input line 130.
)
("C:\Program Files (x86)\MiKTeX 2.9\tex\latex\float\float.sty"
Package: float 2001/11/08 v1.3d Float enhancements (AL)
\c@float@type=\count109
\float@exts=\toks23
\float@box=\box30
\@float@everytoks=\toks24
\@floatcapt=\box31
)
(C:\Users\Haris\Documents\GitHub\wcet_1\report\report.aux)
LaTeX Font Info:    Checking defaults for OML/cmm/m/it on input line 24.
LaTeX Font Info:    ... okay on input line 24.
LaTeX Font Info:    Checking defaults for T1/cmr/m/n on input line 24.
LaTeX Font Info:    ... okay on input line 24.
LaTeX Font Info:    Checking defaults for OT1/cmr/m/n on input line 24.
LaTeX Font Info:    ... okay on input line 24.
LaTeX Font Info:    Checking defaults for OMS/cmsy/m/n on input line 24.
LaTeX Font Info:    ... okay on input line 24.
LaTeX Font Info:    Checking defaults for OMX/cmex/m/n on input line 24.
LaTeX Font Info:    ... okay on input line 24.
LaTeX Font Info:    Checking defaults for U/cmr/m/n on input line 24.
LaTeX Font Info:    ... okay on input line 24.
LaTeX Font Info:    Checking defaults for TS1/cmr/m/n on input line 24.
LaTeX Font Info:    Try loading font information for TS1+cmr on input line 24.

("C:\Program Files (x86)\MiKTeX 2.9\tex\latex\base\ts1cmr.fd"
File: ts1cmr.fd 1999/05/25 v2.5h Standard LaTeX font definitions
)
LaTeX Font Info:    ... okay on input line 24.
LaTeX Font Info:    Try loading font information for T1+ptm on input line 24.

("C:\Program Files (x86)\MiKTeX 2.9\tex\latex\psnfss\t1ptm.fd"
File: t1ptm.fd 2001/06/04 font definitions for T1/ptm.
)
("C:\Program Files (x86)\MiKTeX 2.9\tex\context\base\supp-pdf.mkii"
[Loading MPS to PDF converter (version 2006.09.02).]
\scratchcounter=\count110
\scratchdimen=\dimen127
\scratchbox=\box32
\nofMPsegments=\count111
\nofMParguments=\count112
\everyMPshowfont=\toks25
\MPscratchCnt=\count113
\MPscratchDim=\dimen128
\MPnumerator=\count114
\everyMPtoPDFconversion=\toks26
)
\c@lstlisting=\count115
LaTeX Font Info:    Font shape `T1/ptm/bx/n' in size <20.74> not available
(Font)              Font shape `T1/ptm/b/n' tried instead on input line 27.
LaTeX Font Info:    Font shape `T1/ptm/bx/n' in size <24.88> not available
(Font)              Font shape `T1/ptm/b/n' tried instead on input line 27.
 [1


{C:/ProgramData/MiKTeX/2.9/pdftex/config/pdftex.map}]
LaTeX Font Info:    Font shape `T1/ptm/bx/n' in size <17.28> not available
(Font)              Font shape `T1/ptm/b/n' tried instead on input line 29.

(C:\Users\Haris\Documents\GitHub\wcet_1\report\report.toc
LaTeX Font Info:    Font shape `T1/ptm/bx/n' in size <12> not available
(Font)              Font shape `T1/ptm/b/n' tried instead on input line 2.
LaTeX Font Info:    Try loading font information for U+msa on input line 3.

("C:\Program Files (x86)\MiKTeX 2.9\tex\latex\amsfonts\umsa.fd"
File: umsa.fd 2009/06/22 v3.00 AMS symbols A
)
LaTeX Font Info:    Try loading font information for U+msb on input line 3.

("C:\Program Files (x86)\MiKTeX 2.9\tex\latex\amsfonts\umsb.fd"
File: umsb.fd 2009/06/22 v3.00 AMS symbols B
)
LaTeX Font Info:    Try loading font information for T1+pcr on input line 6.

("C:\Program Files (x86)\MiKTeX 2.9\tex\latex\psnfss\t1pcr.fd"
File: t1pcr.fd 2001/06/04 font definitions for T1/pcr.
)
Overfull \vbox (12.49998pt too high) has occurred while \output is active []


[1])
\tf@toc=\write3
LaTeX Font Info:    Font shape `T1/ptm/bx/n' in size <14.4> not available
(Font)              Font shape `T1/ptm/b/n' tried instead on input line 35.
 (C:\Users\Haris\Documents\GitHub\wcet_1\assignment\problem1.tex)
Overfull \vbox (12.49998pt too high) has occurred while \output is active []


[2]
LaTeX Font Info:    Font shape `T1/pcr/bx/n' in size <12> not available
(Font)              Font shape `T1/pcr/b/n' tried instead on input line 109.
 (C:\Users\Haris\Documents\GitHub\wcet_1\report\c_listing.tex)
(C:\Users\Haris\Documents\GitHub\wcet_1\report\src/main.c
Overfull \vbox (12.49998pt too high) has occurred while \output is active []


[3]
LaTeX Font Info:    Font shape `T1/pcr/bx/n' in size <10> not available
(Font)              Font shape `T1/pcr/b/n' tried instead on input line 14.

Overfull \vbox (12.49998pt too high) has occurred while \output is active []


[4])
Overfull \vbox (12.49998pt too high) has occurred while \output is active []


[5] (C:\Users\Haris\Documents\GitHub\wcet_1\assignment\problem2.tex
Underfull \hbox (badness 10000) in paragraph at lines 3--6
\T1/ptm/m/n/12 Add loop bounds and ad-di-tional flow facts for
 []


Underfull \hbox (badness 4229) in paragraph at lines 3--6
\T1/pcr/m/n/12 insertion_sort.c:insertion_sort()\T1/ptm/m/n/12 , and an-a-lyze 
the WCET of
 []


LaTeX Warning: Reference `tab:cfg.insertion_sort' on page 6 undefined on input 
line 38.


Underfull \hbox (badness 10000) in paragraph at lines 26--44
[]\T1/ptm/m/n/12 (Bonus) Fig-ure 1[] de-picts the \T1/ptm/m/it/12 control-flow 
graph \T1/ptm/m/n/12 (CFG) of the
 []


Underfull \hbox (badness 1043) in paragraph at lines 26--44
\T1/pcr/m/n/12 insertion_sort \T1/ptm/m/n/12 func-tion as ex-ported from the co
m-piler in-ter-me-di-
 []

<../assignment/cfg_insertion_sort.pdf, id=35, 418.56375pt x 638.385pt>
File: ../assignment/cfg_insertion_sort.pdf Graphic file (type pdf)

<use ../assignment/cfg_insertion_sort.pdf>
Overfull \vbox (12.49998pt too high) has occurred while \output is active []


[6]
Overfull \vbox (12.49998pt too high) has occurred while \output is active []


[7 <C:/Users/Haris/Documents/GitHub/wcet_1/assignment/cfg_insertion_sort.pdf>])

Underfull \hbox (badness 10000) in paragraph at lines 152--163
[]\T1/ptm/m/n/12 For this task we mod-ify \T1/pcr/m/n/12 Makefile \T1/ptm/m/n/1
2 and in-clude cor-re-spond-ing
 []


Underfull \hbox (badness 2020) in paragraph at lines 152--163
\T1/pcr/m/n/12 insertion_sort_O1.* \T1/ptm/m/n/12 tar-gets. We also de-fine an-
no-ta-tions in a
 []

<q2_3.pdf, id=51, 587.19376pt x 442.65375pt>
File: q2_3.pdf Graphic file (type pdf)
 <use q2_3.pdf>
<graph.pdf, id=52, 160.07103pt x 134.27164pt>
File: graph.pdf Graphic file (type pdf)
 <use graph.pdf>
Overfull \hbox (3.40819pt too wide) in paragraph at lines 190--205
 [][] 
 []


Overfull \vbox (12.49998pt too high) has occurred while \output is active []


[8

]
Overfull \vbox (12.49998pt too high) has occurred while \output is active []


[9 <C:/Users/Haris/Documents/GitHub/wcet_1/report/q2_3.pdf> <C:/Users/Haris/Doc
uments/GitHub/wcet_1/report/graph.pdf>]
Overfull \vbox (12.49998pt too high) has occurred while \output is active []


[10]
Overfull \hbox (15.66203pt too wide) detected at line 299
[] \OMS/cmsy/m/n/12 ) [] ) []
 []


Overfull \vbox (12.49998pt too high) has occurred while \output is active []


[11] (C:\Users\Haris\Documents\GitHub\wcet_1\report\ait_listing.tex
("C:\Program Files (x86)\MiKTeX 2.9\tex\latex\listings\lstlang1.sty"
File: lstlang1.sty 2004/09/05 1.3 listings language file
))
(C:\Users\Haris\Documents\GitHub\wcet_1\report\src/aiTinsertionSort8.ais)
Overfull \vbox (12.49998pt too high) has occurred while \output is active []


[12] (C:\Users\Haris\Documents\GitHub\wcet_1\report\src/aiTinsertionSort16.ais)
(C:\Users\Haris\Documents\GitHub\wcet_1\report\src/aiTinsertionSort32.ais)
(C:\Users\Haris\Documents\GitHub\wcet_1\report\src/aiTinsertionSort64.ais)
(C:\Users\Haris\Documents\GitHub\wcet_1\report\src/aiTinsertionSortO1.ais
Overfull \vbox (12.49998pt too high) has occurred while \output is active []


[13]) (C:\Users\Haris\Documents\GitHub\wcet_1\report\listing2_4.tex
(C:\Users\Haris\Documents\GitHub\wcet_1\report\src/p2q4.lp
Overfull \vbox (12.49998pt too high) has occurred while \output is active []


[14]))
Overfull \vbox (12.49998pt too high) has occurred while \output is active []


[15] (C:\Users\Haris\Documents\GitHub\wcet_1\assignment\problem3.tex
Overfull \hbox (23.6158pt too wide) in paragraph at lines 38--38
[]  \T1/pcr/m/n/12 instruction "iinterpolate16" + 1 calls is never executed;[] 

 []


Overfull \hbox (23.6158pt too wide) in paragraph at lines 38--38
[]  \T1/pcr/m/n/12 instruction "iinterpolate16" + 2 calls is never executed;[] 

 []

)
Overfull \vbox (12.49998pt too high) has occurred while \output is active []


[16]
Underfull \hbox (badness 10000) in paragraph at lines 463--468
[]\T1/ptm/m/n/12 Measurements for test bench im-ple-mented in
 []

<q3_2_merge_samples.pdf, id=134, 587.19376pt x 442.65375pt>
File: q3_2_merge_samples.pdf Graphic file (type pdf)

<use q3_2_merge_samples.pdf>
(C:\Users\Haris\Documents\GitHub\wcet_1\report\ait_listing.tex)
(C:\Users\Haris\Documents\GitHub\wcet_1\report\src/aiTmergeSamples.ais)
(C:\Users\Haris\Documents\GitHub\wcet_1\report\c_listing.tex)
Overfull \vbox (12.49998pt too high) has occurred while \output is active []


[17] (C:\Users\Haris\Documents\GitHub\wcet_1\report\src/mergeSamples.c
Overfull \hbox (68.82056pt too wide) in paragraph at lines 1--2
[][][][] 
 []


Overfull \hbox (62.8205pt too wide) in paragraph at lines 4--5
[][][][] 
 []


Overfull \vbox (12.49998pt too high) has occurred while \output is active []


[18 <C:/Users/Haris/Documents/GitHub/wcet_1/report/q3_2_merge_samples.pdf>])
Overfull \vbox (12.49998pt too high) has occurred while \output is active []


[19] (C:\Users\Haris\Documents\GitHub\wcet_1\assignment\problem4.tex
Underfull \hbox (badness 10000) in paragraph at lines 3--8
\T1/ptm/m/n/12 Next, an-a-lyze the \T1/pcr/m/n/12 fft() \T1/ptm/m/n/12 func-tio
n called in \T1/pcr/m/n/12 task.c\T1/ptm/m/n/12 . Try to
 []


Underfull \hbox (badness 10000) in paragraph at lines 3--8
\T1/ptm/m/n/12 find loop bounds for the Fast Fourier Trans-form im-ple-men-ta-t
ion
 []


Underfull \hbox (badness 10000) in paragraph at lines 3--8
\T1/ptm/m/n/12 (\T1/pcr/m/n/12 fixedpoint.c:fp_radix2fft_withscaling()\T1/ptm/m
/n/12 ) first, and add a
 []


Underfull \hbox (badness 10000) in paragraph at lines 12--14
[]\T1/ptm/m/n/12 Describe and jus-tify the flow facts found for
 []

)
Overfull \vbox (12.49998pt too high) has occurred while \output is active []


[20]
Underfull \hbox (badness 1859) in paragraph at lines 539--545
\T1/pcr/m/n/12 merge_samples() \T1/ptm/m/n/12 to per-form more elab-o-rate test
-ing. We in-voke
 []

<fft_test.pdf, id=185, 587.19376pt x 442.65375pt>
File: fft_test.pdf Graphic file (type pdf)
 <use fft_test.pdf>
<radix2fft.pdf, id=186, 587.19376pt x 442.65375pt>
File: radix2fft.pdf Graphic file (type pdf)
 <use radix2fft.pdf>
(C:\Users\Haris\Documents\GitHub\wcet_1\report\ait_listing.tex)
(C:\Users\Haris\Documents\GitHub\wcet_1\report\src/aiTfft.ais
Overfull \vbox (12.49998pt too high) has occurred while \output is active []


[21]
Overfull \vbox (12.49998pt too high) has occurred while \output is active []


[22 <C:/Users/Haris/Documents/GitHub/wcet_1/report/fft_test.pdf> <C:/Users/Hari
s/Documents/GitHub/wcet_1/report/radix2fft.pdf>])
(C:\Users\Haris\Documents\GitHub\wcet_1\report\c_listing.tex)
(C:\Users\Haris\Documents\GitHub\wcet_1\report\src/fft.c
Overfull \hbox (68.82056pt too wide) in paragraph at lines 1--2
[][][][] 
 []


Overfull \hbox (62.8205pt too wide) in paragraph at lines 3--4
[][][][] 
 []


Overfull \vbox (12.49998pt too high) has occurred while \output is active []


[23]) (C:\Users\Haris\Documents\GitHub\wcet_1\report\c_listing.tex)
(C:\Users\Haris\Documents\GitHub\wcet_1\report\src/fpRadix2fftWithscaling.c
Overfull \vbox (12.49998pt too high) has occurred while \output is active []


[24]) (C:\Users\Haris\Documents\GitHub\wcet_1\report\c_listing.tex)
(C:\Users\Haris\Documents\GitHub\wcet_1\report\src/bitreverse.c
Overfull \vbox (12.49998pt too high) has occurred while \output is active []


[25])
Overfull \vbox (12.49998pt too high) has occurred while \output is active []


[26] (C:\Users\Haris\Documents\GitHub\wcet_1\assignment\problem5.tex)
Overfull \vbox (12.49998pt too high) has occurred while \output is active []


[27]
Overfull \vbox (12.49998pt too high) has occurred while \output is active []


[28] (C:\Users\Haris\Documents\GitHub\wcet_1\assignment\problem6.tex)
Overfull \vbox (12.49998pt too high) has occurred while \output is active []


[29] (C:\Users\Haris\Documents\GitHub\wcet_1\report\report.aux)

LaTeX Warning: There were undefined references.

 ) 
Here is how much of TeX's memory you used:
 5476 strings out of 494053
 72665 string characters out of 3146185
 317040 words of memory out of 3000000
 8575 multiletter control sequences out of 15000+200000
 62484 words of font info for 90 fonts, out of 3000000 for 9000
 715 hyphenation exceptions out of 8191
 33i,18n,51p,489b,1779s stack positions out of 5000i,500n,10000p,200000b,50000s
{C:/Program Files (x86)/MiKTeX 2.9/fonts/enc/dvips/fontname/8r.enc}<C:/Progra
m Files (x86)/MiKTeX 2.9/fonts/type1/public/amsfonts/cm/cmex10.pfb><C:/Program 
Files (x86)/MiKTeX 2.9/fonts/type1/public/amsfonts/cmextra/cmex8.pfb><C:/Progra
m Files (x86)/MiKTeX 2.9/fonts/type1/public/amsfonts/cm/cmmi10.pfb><C:/Program 
Files (x86)/MiKTeX 2.9/fonts/type1/public/amsfonts/cm/cmmi12.pfb><C:/Program Fi
les (x86)/MiKTeX 2.9/fonts/type1/public/amsfonts/cm/cmmi6.pfb><C:/Program Files
 (x86)/MiKTeX 2.9/fonts/type1/public/amsfonts/cm/cmmi8.pfb><C:/Program Files (x
86)/MiKTeX 2.9/fonts/type1/public/amsfonts/cm/cmr10.pfb><C:/Program Files (x86)
/MiKTeX 2.9/fonts/type1/public/amsfonts/cm/cmr12.pfb><C:/Program Files (x86)/Mi
KTeX 2.9/fonts/type1/public/amsfonts/cm/cmr6.pfb><C:/Program Files (x86)/MiKTeX
 2.9/fonts/type1/public/amsfonts/cm/cmr7.pfb><C:/Program Files (x86)/MiKTeX 2.9
/fonts/type1/public/amsfonts/cm/cmr8.pfb><C:/Program Files (x86)/MiKTeX 2.9/fon
ts/type1/public/amsfonts/cm/cmsy10.pfb><C:/Program Files (x86)/MiKTeX 2.9/fonts
/type1/public/amsfonts/cm/cmsy8.pfb><C:/Program Files (x86)/MiKTeX 2.9/fonts/ty
pe1/public/amsfonts/symbols/msbm10.pfb><C:/Program Files (x86)/MiKTeX 2.9/fonts
/type1/urw/courier/ucrb8a.pfb><C:/Program Files (x86)/MiKTeX 2.9/fonts/type1/ur
w/courier/ucrr8a.pfb><C:/Program Files (x86)/MiKTeX 2.9/fonts/type1/urw/times/u
tmb8a.pfb><C:/Program Files (x86)/MiKTeX 2.9/fonts/type1/urw/times/utmr8a.pfb><
C:/Program Files (x86)/MiKTeX 2.9/fonts/type1/urw/times/utmr8a.pfb><C:/Program 
Files (x86)/MiKTeX 2.9/fonts/type1/urw/times/utmri8a.pfb>
Output written on report.pdf (30 pages, 346873 bytes).
PDF statistics:
 346 PDF objects out of 1000 (max. 8388607)
 0 named destinations out of 1000 (max. 500000)
 31 words of extra memory for PDF output out of 10000 (max. 10000000)

